<?xml version="1.0" encoding="UTF-8"?>
<!-- Generated by org.testng.reporters.JUnitReportReporter -->
<testsuite hostname="LAPTOP-MV8D8OCH" failures="0" tests="1" name="demo1.amazon" time="95.364" errors="0" timestamp="2023-07-21T22:14:43 IST" skipped="0">
  <testcase classname="demo1.amazon" name="amazontest" time="95.364"/>
  <system-out/>
</testsuite> <!-- demo1.amazon -->
