<?xml version="1.0" encoding="UTF-8"?>
<!-- Generated by org.testng.reporters.JUnitReportReporter -->
<testsuite hostname="LAPTOP-MV8D8OCH" failures="0" tests="1" name="demo1.amazon" time="9.624" errors="0" timestamp="2023-07-18T15:53:35 IST" skipped="0">
  <testcase classname="demo1.amazon" name="amazontest" time="9.624"/>
  <system-out/>
</testsuite> <!-- demo1.amazon -->
