<?xml version="1.0" encoding="UTF-8"?>
<!-- Generated by org.testng.reporters.JUnitReportReporter -->
<testsuite hostname="LAPTOP-MV8D8OCH" failures="0" tests="1" name="demo1.ajio" time="16.303" errors="0" timestamp="2023-07-18T15:53:35 IST" skipped="0">
  <testcase classname="demo1.ajio" name="ajiotest" time="16.303"/>
  <system-out/>
</testsuite> <!-- demo1.ajio -->
