<?xml version="1.0" encoding="UTF-8"?>
<!-- Generated by org.testng.reporters.JUnitReportReporter -->
<testsuite hostname="LAPTOP-MV8D8OCH" failures="0" tests="1" name="demo1.flipkart" time="20.598" errors="0" timestamp="2023-07-21T22:14:43 IST" skipped="0">
  <testcase classname="demo1.flipkart" name="ftest" time="20.598"/>
  <system-out/>
</testsuite> <!-- demo1.flipkart -->
